c:\mystuff\kursach\code\windowsproject1\windowsproject1\x64\debug\vc143.pdb
c:\mystuff\kursach\code\windowsproject1\windowsproject1\x64\debug\vc143.idb
c:\mystuff\kursach\code\windowsproject1\windowsproject1\x64\debug\windowsproject1.nativecodeanalysis.sarif
c:\mystuff\kursach\code\windowsproject1\windowsproject1\x64\debug\windowsproject1.nativecodeanalysis.xml
c:\mystuff\kursach\code\windowsproject1\windowsproject1\x64\debug\windowsproject1.obj
c:\mystuff\kursach\code\windowsproject1\windowsproject1\x64\debug\windowsproject1.ilk
c:\mystuff\kursach\code\windowsproject1\x64\debug\windowsproject1.exe
c:\mystuff\kursach\code\windowsproject1\x64\debug\windowsproject1.pdb
c:\mystuff\kursach\code\windowsproject1\windowsproject1\x64\debug\windowsproject1.res
c:\mystuff\kursach\code\windowsproject1\windowsproject1\x64\debug\vc.nativecodeanalysis.all.xml
c:\mystuff\kursach\code\windowsproject1\windowsproject1\x64\debug\windowsproject1.tlog\cl.command.1.tlog
c:\mystuff\kursach\code\windowsproject1\windowsproject1\x64\debug\windowsproject1.tlog\cl.items.tlog
c:\mystuff\kursach\code\windowsproject1\windowsproject1\x64\debug\windowsproject1.tlog\cl.read.1.tlog
c:\mystuff\kursach\code\windowsproject1\windowsproject1\x64\debug\windowsproject1.tlog\cl.write.1.tlog
c:\mystuff\kursach\code\windowsproject1\windowsproject1\x64\debug\windowsproject1.tlog\link.command.1.tlog
c:\mystuff\kursach\code\windowsproject1\windowsproject1\x64\debug\windowsproject1.tlog\link.read.1.tlog
c:\mystuff\kursach\code\windowsproject1\windowsproject1\x64\debug\windowsproject1.tlog\link.write.1.tlog
c:\mystuff\kursach\code\windowsproject1\windowsproject1\x64\debug\windowsproject1.tlog\rc.command.1.tlog
c:\mystuff\kursach\code\windowsproject1\windowsproject1\x64\debug\windowsproject1.tlog\rc.read.1.tlog
c:\mystuff\kursach\code\windowsproject1\windowsproject1\x64\debug\windowsproject1.tlog\rc.write.1.tlog
